# JRE version: Java(TM) SE Runtime Environment (18.0.1.1+2) (build 18.0.1.1+2-6)
# Java VM: Java HotSpot(TM) 64-Bit Server VM (18.0.1.1+2-6, mixed mode, sharing, tiered, compressed oops, compressed class ptrs, g1 gc, windows-amd64)
GC Precious Log:
 CardTable entry size: 512
 Card Set container configuration: InlinePtr #cards 5 size 8 Array Of Cards #cards 12 size 40 Howl #buckets 4 coarsen threshold 1843 Howl Bitmap #cards 512 size 80 coarsen threshold 460 Card regions per heap region 1 cards per card region 2048
 CPUs: 12 total, 12 available
 Memory: 8117M
 Large Page Support: Disabled
 NUMA Support: Disabled
 Compressed Oops: Enabled (32-bit)
 Heap Region Size: 1M
 Heap Min Capacity: 8M
 Heap Initial Capacity: 128M
 Heap Max Capacity: 2G
 Pre-touch: Disabled
 Parallel Workers: 10
 Concurrent Workers: 3
 Concurrent Refinement Workers: 10
 Periodic GC: Disabled
Heap:
 garbage-first heap   total 331776K, used 252138K [0x0000000080000000, 0x0000000100000000)
  region size 1024K, 52 young (53248K), 6 survivors (6144K)
 Metaspace       used 134053K, committed 136832K, reserved 552960K
  class space    used 18235K, committed 19712K, reserved 421888K
GC Heap History (20 events):
Event: 44.699 GC heap before
{Heap before GC invocations=51 (full 0):
 garbage-first heap   total 276480K, used 184966K [0x0000000080000000, 0x0000000100000000)
  region size 1024K, 48 young (49152K), 6 survivors (6144K)
 Metaspace       used 122908K, committed 125504K, reserved 552960K
  class space    used 16693K, committed 18048K, reserved 421888K
}
Event: 44.705 GC heap after
{Heap after GC invocations=52 (full 0):
 garbage-first heap   total 276480K, used 147249K [0x0000000080000000, 0x0000000100000000)
  region size 1024K, 6 young (6144K), 6 survivors (6144K)
 Metaspace       used 122908K, committed 125504K, reserved 552960K
  class space    used 16693K, committed 18048K, reserved 421888K
}
Event: 44.861 GC heap before
{Heap before GC invocations=52 (full 0):
 garbage-first heap   total 276480K, used 154417K [0x0000000080000000, 0x0000000100000000)
  region size 1024K, 13 young (13312K), 6 survivors (6144K)
 Metaspace       used 123098K, committed 125632K, reserved 552960K
  class space    used 16733K, committed 18048K, reserved 421888K
}
Event: 44.865 GC heap after
{Heap after GC invocations=53 (full 0):
 garbage-first heap   total 276480K, used 146152K [0x0000000080000000, 0x0000000100000000)
  region size 1024K, 1 young (1024K), 1 survivors (1024K)
 Metaspace       used 123098K, committed 125632K, reserved 552960K
  class space    used 16733K, committed 18048K, reserved 421888K
}
Event: 45.707 GC heap before
{Heap before GC invocations=53 (full 0):
 garbage-first heap   total 276480K, used 229096K [0x0000000080000000, 0x0000000100000000)
  region size 1024K, 82 young (83968K), 1 survivors (1024K)
 Metaspace       used 125485K, committed 128128K, reserved 552960K
  class space    used 17211K, committed 18624K, reserved 421888K
}
Event: 45.715 GC heap after
{Heap after GC invocations=54 (full 0):
 garbage-first heap   total 276480K, used 155481K [0x0000000080000000, 0x0000000100000000)
  region size 1024K, 11 young (11264K), 11 survivors (11264K)
 Metaspace       used 125485K, committed 128128K, reserved 552960K
  class space    used 17211K, committed 18624K, reserved 421888K
}
Event: 46.382 GC heap before
{Heap before GC invocations=54 (full 0):
 garbage-first heap   total 276480K, used 227161K [0x0000000080000000, 0x0000000100000000)
  region size 1024K, 81 young (82944K), 11 survivors (11264K)
 Metaspace       used 128629K, committed 131328K, reserved 552960K
  class space    used 17687K, committed 19072K, reserved 421888K
}
Event: 46.392 GC heap after
{Heap after GC invocations=55 (full 0):
 garbage-first heap   total 276480K, used 160566K [0x0000000080000000, 0x0000000100000000)
  region size 1024K, 6 young (6144K), 6 survivors (6144K)
 Metaspace       used 128629K, committed 131328K, reserved 552960K
  class space    used 17687K, committed 19072K, reserved 421888K
}
Event: 47.038 GC heap before
{Heap before GC invocations=55 (full 0):
 garbage-first heap   total 276480K, used 229174K [0x0000000080000000, 0x0000000100000000)
  region size 1024K, 73 young (74752K), 6 survivors (6144K)
 Metaspace       used 130742K, committed 133504K, reserved 552960K
  class space    used 17946K, committed 19392K, reserved 421888K
}
Event: 47.047 GC heap after
{Heap after GC invocations=56 (full 0):
 garbage-first heap   total 276480K, used 168676K [0x0000000080000000, 0x0000000100000000)
  region size 1024K, 10 young (10240K), 10 survivors (10240K)
 Metaspace       used 130742K, committed 133504K, reserved 552960K
  class space    used 17946K, committed 19392K, reserved 421888K
}
Event: 47.652 GC heap before
{Heap before GC invocations=56 (full 0):
 garbage-first heap   total 276480K, used 230116K [0x0000000080000000, 0x0000000100000000)
  region size 1024K, 70 young (71680K), 10 survivors (10240K)
 Metaspace       used 130908K, committed 133632K, reserved 552960K
  class space    used 17956K, committed 19392K, reserved 421888K
}
Event: 47.665 GC heap after
{Heap after GC invocations=57 (full 0):
 garbage-first heap   total 276480K, used 180819K [0x0000000080000000, 0x0000000100000000)
  region size 1024K, 9 young (9216K), 9 survivors (9216K)
 Metaspace       used 130908K, committed 133632K, reserved 552960K
  class space    used 17956K, committed 19392K, reserved 421888K
}
Event: 47.965 GC heap before
{Heap before GC invocations=57 (full 0):
 garbage-first heap   total 276480K, used 227923K [0x0000000080000000, 0x0000000100000000)
  region size 1024K, 56 young (57344K), 9 survivors (9216K)
 Metaspace       used 130950K, committed 133632K, reserved 552960K
  class space    used 17956K, committed 19392K, reserved 421888K
}
Event: 47.974 GC heap after
{Heap after GC invocations=58 (full 0):
 garbage-first heap   total 276480K, used 186727K [0x0000000080000000, 0x0000000100000000)
  region size 1024K, 5 young (5120K), 5 survivors (5120K)
 Metaspace       used 130950K, committed 133632K, reserved 552960K
  class space    used 17956K, committed 19392K, reserved 421888K
}
Event: 48.131 GC heap before
{Heap before GC invocations=58 (full 0):
 garbage-first heap   total 276480K, used 230759K [0x0000000080000000, 0x0000000100000000)
  region size 1024K, 49 young (50176K), 5 survivors (5120K)
 Metaspace       used 130950K, committed 133632K, reserved 552960K
  class space    used 17956K, committed 19392K, reserved 421888K
}
Event: 48.136 GC heap after
{Heap after GC invocations=59 (full 0):
 garbage-first heap   total 331776K, used 188091K [0x0000000080000000, 0x0000000100000000)
  region size 1024K, 4 young (4096K), 4 survivors (4096K)
 Metaspace       used 130950K, committed 133632K, reserved 552960K
  class space    used 17956K, committed 19392K, reserved 421888K
}
Event: 49.272 GC heap before
{Heap before GC invocations=59 (full 0):
 garbage-first heap   total 331776K, used 282299K [0x0000000080000000, 0x0000000100000000)
  region size 1024K, 87 young (89088K), 4 survivors (4096K)
 Metaspace       used 133146K, committed 135872K, reserved 552960K
  class space    used 18173K, committed 19584K, reserved 421888K
}
Event: 49.280 GC heap after
{Heap after GC invocations=60 (full 0):
 garbage-first heap   total 331776K, used 200917K [0x0000000080000000, 0x0000000100000000)
  region size 1024K, 11 young (11264K), 11 survivors (11264K)
 Metaspace       used 133146K, committed 135872K, reserved 552960K
  class space    used 18173K, committed 19584K, reserved 421888K
}
Event: 117.121 GC heap before
{Heap before GC invocations=60 (full 0):
 garbage-first heap   total 331776K, used 272597K [0x0000000080000000, 0x0000000100000000)
  region size 1024K, 81 young (82944K), 11 survivors (11264K)
 Metaspace       used 133864K, committed 136640K, reserved 552960K
  class space    used 18233K, committed 19712K, reserved 421888K
}
Event: 117.132 GC heap after
{Heap after GC invocations=61 (full 0):
 garbage-first heap   total 331776K, used 207082K [0x0000000080000000, 0x0000000100000000)
  region size 1024K, 6 young (6144K), 6 survivors (6144K)
 Metaspace       used 133864K, committed 136640K, reserved 552960K
  class space    used 18233K, committed 19712K, reserved 421888K
}

